2020-01-25 23:00:58,976 INFO o.a.j.u.JMeterUtils: Setting Locale to en_CA
2020-01-25 23:00:59,019 INFO o.a.j.JMeter: Loading user properties from: user.properties
2020-01-25 23:00:59,020 INFO o.a.j.JMeter: Loading system properties from: system.properties
2020-01-25 23:00:59,020 INFO o.a.j.JMeter: Setting JMeter property: jmeter.save.saveservice.output_format=xml
2020-01-25 23:00:59,022 INFO o.a.j.JMeter: Copyright (c) 1998-2019 The Apache Software Foundation
2020-01-25 23:00:59,022 INFO o.a.j.JMeter: Version 5.2.1
2020-01-25 23:00:59,024 INFO o.a.j.JMeter: java.version=11.0.2
2020-01-25 23:00:59,025 INFO o.a.j.JMeter: java.vm.name=OpenJDK 64-Bit Server VM
2020-01-25 23:00:59,026 INFO o.a.j.JMeter: os.name=Mac OS X
2020-01-25 23:00:59,026 INFO o.a.j.JMeter: os.arch=x86_64
2020-01-25 23:00:59,026 INFO o.a.j.JMeter: os.version=10.14.6
2020-01-25 23:00:59,026 INFO o.a.j.JMeter: file.encoding=UTF-8
2020-01-25 23:00:59,026 INFO o.a.j.JMeter: java.awt.headless=true
2020-01-25 23:00:59,026 INFO o.a.j.JMeter: Max memory     =4294967296
2020-01-25 23:00:59,027 INFO o.a.j.JMeter: Available Processors =8
2020-01-25 23:00:59,036 INFO o.a.j.JMeter: Default Locale=English (Canada)
2020-01-25 23:00:59,036 INFO o.a.j.JMeter: JMeter  Locale=English (Canada)
2020-01-25 23:00:59,037 INFO o.a.j.JMeter: JMeterHome=/Users/gursingh5/.jenkins/workspace/JmeterGitJenkinsJobUpdate/jmeter
2020-01-25 23:00:59,037 INFO o.a.j.JMeter: user.dir  =/Users/gursingh5/.jenkins/workspace/JmeterGitJenkinsJobUpdate/jmeter/bin
2020-01-25 23:00:59,037 INFO o.a.j.JMeter: PWD       =/Users/gursingh5/.jenkins/workspace/JmeterGitJenkinsJobUpdate/jmeter/bin
2020-01-25 23:00:59,038 INFO o.a.j.JMeter: IP: 192.168.0.24 Name: WKMCA3674507 FullName: 192.168.0.24
2020-01-25 23:00:59,045 INFO o.a.j.s.FileServer: Default base='/Users/gursingh5/.jenkins/workspace/JmeterGitJenkinsJobUpdate/jmeter/bin'
2020-01-25 23:00:59,047 INFO o.a.j.s.FileServer: Set new base='/Users/gursingh5/.jenkins/workspace/JmeterGitJenkinsJobUpdate/jmeter/bin/scripts'
2020-01-25 23:00:59,223 INFO o.a.j.s.SaveService: Testplan (JMX) version: 2.2. Testlog (JTL) version: 2.2
2020-01-25 23:00:59,241 INFO o.a.j.s.SaveService: Using SaveService properties version 5.0
2020-01-25 23:00:59,246 INFO o.a.j.s.SaveService: Using SaveService properties file encoding UTF-8
2020-01-25 23:00:59,250 INFO o.a.j.s.SaveService: Loading file: scripts/jMeterTest1.jmx
2020-01-25 23:00:59,304 INFO o.a.j.p.h.s.HTTPSamplerBase: Parser for text/html is org.apache.jmeter.protocol.http.parser.LagartoBasedHtmlParser
2020-01-25 23:00:59,304 INFO o.a.j.p.h.s.HTTPSamplerBase: Parser for application/xhtml+xml is org.apache.jmeter.protocol.http.parser.LagartoBasedHtmlParser
2020-01-25 23:00:59,304 INFO o.a.j.p.h.s.HTTPSamplerBase: Parser for application/xml is org.apache.jmeter.protocol.http.parser.LagartoBasedHtmlParser
2020-01-25 23:00:59,304 INFO o.a.j.p.h.s.HTTPSamplerBase: Parser for text/xml is org.apache.jmeter.protocol.http.parser.LagartoBasedHtmlParser
2020-01-25 23:00:59,304 INFO o.a.j.p.h.s.HTTPSamplerBase: Parser for text/vnd.wap.wml is org.apache.jmeter.protocol.http.parser.RegexpHTMLParser
2020-01-25 23:00:59,304 INFO o.a.j.p.h.s.HTTPSamplerBase: Parser for text/css is org.apache.jmeter.protocol.http.parser.CssParser
2020-01-25 23:00:59,329 INFO o.a.j.JMeter: Creating summariser <summary>
2020-01-25 23:00:59,335 INFO o.a.j.e.StandardJMeterEngine: Running the test!
2020-01-25 23:00:59,341 INFO o.a.j.s.SampleEvent: List of sample_variables: []
2020-01-25 23:00:59,341 INFO o.a.j.s.SampleEvent: List of sample_variables: []
2020-01-25 23:00:59,347 INFO o.a.j.e.u.CompoundVariable: Note: Function class names must contain the string: '.functions.'
2020-01-25 23:00:59,347 INFO o.a.j.e.u.CompoundVariable: Note: Function class names must not contain the string: '.gui.'
2020-01-25 23:00:59,665 INFO o.a.j.JMeter: Running test (1580011259665)
2020-01-25 23:00:59,683 INFO o.a.j.e.StandardJMeterEngine: Starting ThreadGroup: 1 : Thread Group
2020-01-25 23:00:59,683 INFO o.a.j.e.StandardJMeterEngine: Starting 50 threads for group Thread Group.
2020-01-25 23:00:59,684 INFO o.a.j.e.StandardJMeterEngine: Thread will continue on error
2020-01-25 23:00:59,684 INFO o.a.j.t.ThreadGroup: Starting thread group... number=1 threads=50 ramp-up=10 delayedStart=false
2020-01-25 23:00:59,693 INFO o.a.j.t.JMeterThread: Thread started: Thread Group 1-1
2020-01-25 23:00:59,710 INFO o.a.j.t.ThreadGroup: Started thread group number 1
2020-01-25 23:00:59,710 INFO o.a.j.e.StandardJMeterEngine: All thread groups have been started
2020-01-25 23:00:59,715 INFO o.a.j.p.h.s.HTTPHCAbstractImpl: Local host = WKMCA3674507
2020-01-25 23:00:59,721 INFO o.a.j.p.h.s.HTTPHC4Impl: HTTP request retry count = 0
2020-01-25 23:00:59,723 INFO o.a.j.s.SampleResult: Note: Sample TimeStamps are START times
2020-01-25 23:00:59,723 INFO o.a.j.s.SampleResult: sampleresult.default.encoding is set to ISO-8859-1
2020-01-25 23:00:59,724 INFO o.a.j.s.SampleResult: sampleresult.useNanoTime=true
2020-01-25 23:00:59,724 INFO o.a.j.s.SampleResult: sampleresult.nanoThreadSleep=5000
2020-01-25 23:00:59,961 INFO o.a.j.t.JMeterThread: Thread started: Thread Group 1-2
2020-01-25 23:01:00,160 INFO o.a.j.t.JMeterThread: Thread started: Thread Group 1-3
2020-01-25 23:01:00,361 INFO o.a.j.t.JMeterThread: Thread started: Thread Group 1-4
2020-01-25 23:01:00,401 INFO o.a.j.r.Summariser: summary +      1 in 00:00:01 =    1.4/s Avg:   558 Min:   558 Max:   558 Err:     0 (0.00%) Active: 4 Started: 4 Finished: 0
2020-01-25 23:01:00,561 INFO o.a.j.t.JMeterThread: Thread started: Thread Group 1-5
2020-01-25 23:01:00,759 INFO o.a.j.t.JMeterThread: Thread started: Thread Group 1-6
2020-01-25 23:01:00,959 INFO o.a.j.t.JMeterThread: Thread started: Thread Group 1-7
2020-01-25 23:01:01,160 INFO o.a.j.t.JMeterThread: Thread started: Thread Group 1-8
2020-01-25 23:01:01,359 INFO o.a.j.t.JMeterThread: Thread started: Thread Group 1-9
2020-01-25 23:01:01,558 INFO o.a.j.t.JMeterThread: Thread started: Thread Group 1-10
2020-01-25 23:01:01,759 INFO o.a.j.t.JMeterThread: Thread started: Thread Group 1-11
2020-01-25 23:01:01,956 INFO o.a.j.t.JMeterThread: Thread started: Thread Group 1-12
2020-01-25 23:01:02,160 INFO o.a.j.t.JMeterThread: Thread started: Thread Group 1-13
2020-01-25 23:01:02,361 INFO o.a.j.t.JMeterThread: Thread started: Thread Group 1-14
2020-01-25 23:01:02,559 INFO o.a.j.t.JMeterThread: Thread started: Thread Group 1-15
2020-01-25 23:01:02,758 INFO o.a.j.t.JMeterThread: Thread started: Thread Group 1-16
2020-01-25 23:01:02,929 INFO o.a.j.t.JMeterThread: Thread started: Thread Group 1-17
2020-01-25 23:01:03,158 INFO o.a.j.t.JMeterThread: Thread started: Thread Group 1-18
2020-01-25 23:01:03,358 INFO o.a.j.t.JMeterThread: Thread started: Thread Group 1-19
2020-01-25 23:01:03,559 INFO o.a.j.t.JMeterThread: Thread started: Thread Group 1-20
2020-01-25 23:01:03,756 INFO o.a.j.t.JMeterThread: Thread started: Thread Group 1-21
2020-01-25 23:01:03,958 INFO o.a.j.t.JMeterThread: Thread started: Thread Group 1-22
2020-01-25 23:01:04,157 INFO o.a.j.t.JMeterThread: Thread started: Thread Group 1-23
2020-01-25 23:01:04,359 INFO o.a.j.t.JMeterThread: Thread started: Thread Group 1-24
2020-01-25 23:01:04,545 INFO o.a.j.t.JMeterThread: Thread started: Thread Group 1-25
2020-01-25 23:01:04,758 INFO o.a.j.t.JMeterThread: Thread started: Thread Group 1-26
2020-01-25 23:01:04,958 INFO o.a.j.t.JMeterThread: Thread started: Thread Group 1-27
2020-01-25 23:01:05,090 INFO o.a.j.t.JMeterThread: Thread started: Thread Group 1-28
2020-01-25 23:01:05,358 INFO o.a.j.t.JMeterThread: Thread started: Thread Group 1-29
2020-01-25 23:01:05,559 INFO o.a.j.t.JMeterThread: Thread started: Thread Group 1-30
2020-01-25 23:01:05,758 INFO o.a.j.t.JMeterThread: Thread started: Thread Group 1-31
2020-01-25 23:01:05,958 INFO o.a.j.t.JMeterThread: Thread started: Thread Group 1-32
2020-01-25 23:01:06,149 INFO o.a.j.t.JMeterThread: Thread started: Thread Group 1-33
2020-01-25 23:01:06,358 INFO o.a.j.t.JMeterThread: Thread started: Thread Group 1-34
2020-01-25 23:01:06,558 INFO o.a.j.t.JMeterThread: Thread started: Thread Group 1-35
2020-01-25 23:01:06,759 INFO o.a.j.t.JMeterThread: Thread started: Thread Group 1-36
2020-01-25 23:01:06,958 INFO o.a.j.t.JMeterThread: Thread started: Thread Group 1-37
2020-01-25 23:01:07,158 INFO o.a.j.t.JMeterThread: Thread started: Thread Group 1-38
2020-01-25 23:01:07,323 INFO o.a.j.t.JMeterThread: Thread started: Thread Group 1-39
2020-01-25 23:01:07,558 INFO o.a.j.t.JMeterThread: Thread started: Thread Group 1-40
2020-01-25 23:01:07,758 INFO o.a.j.t.JMeterThread: Thread started: Thread Group 1-41
2020-01-25 23:01:07,959 INFO o.a.j.t.JMeterThread: Thread started: Thread Group 1-42
2020-01-25 23:01:08,158 INFO o.a.j.t.JMeterThread: Thread started: Thread Group 1-43
2020-01-25 23:01:08,295 INFO o.a.j.t.JMeterThread: Thread started: Thread Group 1-44
2020-01-25 23:01:08,447 INFO o.a.j.t.JMeterThread: Thread is done: Thread Group 1-1
2020-01-25 23:01:08,447 INFO o.a.j.t.JMeterThread: Thread finished: Thread Group 1-1
2020-01-25 23:01:08,558 INFO o.a.j.t.JMeterThread: Thread started: Thread Group 1-45
2020-01-25 23:01:08,577 INFO o.a.j.t.JMeterThread: Thread is done: Thread Group 1-2
2020-01-25 23:01:08,577 INFO o.a.j.t.JMeterThread: Thread finished: Thread Group 1-2
2020-01-25 23:01:08,759 INFO o.a.j.t.JMeterThread: Thread started: Thread Group 1-46
2020-01-25 23:01:08,958 INFO o.a.j.t.JMeterThread: Thread started: Thread Group 1-47
2020-01-25 23:01:09,158 INFO o.a.j.t.JMeterThread: Thread started: Thread Group 1-48
2020-01-25 23:01:09,306 INFO o.a.j.t.JMeterThread: Thread is done: Thread Group 1-7
2020-01-25 23:01:09,306 INFO o.a.j.t.JMeterThread: Thread finished: Thread Group 1-7
2020-01-25 23:01:09,358 INFO o.a.j.t.JMeterThread: Thread started: Thread Group 1-49
2020-01-25 23:01:09,558 INFO o.a.j.t.JMeterThread: Thread started: Thread Group 1-50
2020-01-25 23:01:10,607 INFO o.a.j.t.JMeterThread: Thread is done: Thread Group 1-3
2020-01-25 23:01:10,607 INFO o.a.j.t.JMeterThread: Thread finished: Thread Group 1-3
2020-01-25 23:01:10,907 INFO o.a.j.t.JMeterThread: Thread is done: Thread Group 1-4
2020-01-25 23:01:10,907 INFO o.a.j.t.JMeterThread: Thread finished: Thread Group 1-4
2020-01-25 23:01:11,025 INFO o.a.j.t.JMeterThread: Thread is done: Thread Group 1-6
2020-01-25 23:01:11,025 INFO o.a.j.t.JMeterThread: Thread finished: Thread Group 1-6
2020-01-25 23:01:12,406 INFO o.a.j.t.JMeterThread: Thread is done: Thread Group 1-14
2020-01-25 23:01:12,406 INFO o.a.j.t.JMeterThread: Thread is done: Thread Group 1-12
2020-01-25 23:01:12,406 INFO o.a.j.t.JMeterThread: Thread finished: Thread Group 1-14
2020-01-25 23:01:12,407 INFO o.a.j.t.JMeterThread: Thread finished: Thread Group 1-12
2020-01-25 23:01:12,546 INFO o.a.j.t.JMeterThread: Thread is done: Thread Group 1-5
2020-01-25 23:01:12,546 INFO o.a.j.t.JMeterThread: Thread finished: Thread Group 1-5
2020-01-25 23:01:12,671 INFO o.a.j.t.JMeterThread: Thread is done: Thread Group 1-9
2020-01-25 23:01:12,671 INFO o.a.j.t.JMeterThread: Thread finished: Thread Group 1-9
2020-01-25 23:01:12,677 INFO o.a.j.t.JMeterThread: Thread is done: Thread Group 1-10
2020-01-25 23:01:12,677 INFO o.a.j.t.JMeterThread: Thread finished: Thread Group 1-10
2020-01-25 23:01:13,175 INFO o.a.j.t.JMeterThread: Thread is done: Thread Group 1-11
2020-01-25 23:01:13,175 INFO o.a.j.t.JMeterThread: Thread finished: Thread Group 1-11
2020-01-25 23:01:13,799 INFO o.a.j.t.JMeterThread: Thread is done: Thread Group 1-8
2020-01-25 23:01:13,799 INFO o.a.j.t.JMeterThread: Thread finished: Thread Group 1-8
2020-01-25 23:01:13,846 INFO o.a.j.t.JMeterThread: Thread is done: Thread Group 1-16
2020-01-25 23:01:13,846 INFO o.a.j.t.JMeterThread: Thread finished: Thread Group 1-16
2020-01-25 23:01:14,485 INFO o.a.j.t.JMeterThread: Thread is done: Thread Group 1-18
2020-01-25 23:01:14,485 INFO o.a.j.t.JMeterThread: Thread finished: Thread Group 1-18
2020-01-25 23:01:14,507 INFO o.a.j.t.JMeterThread: Thread is done: Thread Group 1-23
2020-01-25 23:01:14,507 INFO o.a.j.t.JMeterThread: Thread finished: Thread Group 1-23
2020-01-25 23:01:14,574 INFO o.a.j.t.JMeterThread: Thread is done: Thread Group 1-19
2020-01-25 23:01:14,575 INFO o.a.j.t.JMeterThread: Thread finished: Thread Group 1-19
2020-01-25 23:01:14,609 INFO o.a.j.t.JMeterThread: Thread is done: Thread Group 1-20
2020-01-25 23:01:14,610 INFO o.a.j.t.JMeterThread: Thread finished: Thread Group 1-20
2020-01-25 23:01:14,637 INFO o.a.j.t.JMeterThread: Thread is done: Thread Group 1-22
2020-01-25 23:01:14,637 INFO o.a.j.t.JMeterThread: Thread finished: Thread Group 1-22
2020-01-25 23:01:15,191 INFO o.a.j.t.JMeterThread: Thread is done: Thread Group 1-21
2020-01-25 23:01:15,191 INFO o.a.j.t.JMeterThread: Thread finished: Thread Group 1-21
2020-01-25 23:01:15,745 INFO o.a.j.t.JMeterThread: Thread is done: Thread Group 1-17
2020-01-25 23:01:15,745 INFO o.a.j.t.JMeterThread: Thread finished: Thread Group 1-17
2020-01-25 23:01:16,426 INFO o.a.j.t.JMeterThread: Thread is done: Thread Group 1-13
2020-01-25 23:01:16,426 INFO o.a.j.t.JMeterThread: Thread finished: Thread Group 1-13
2020-01-25 23:01:16,461 INFO o.a.j.t.JMeterThread: Thread is done: Thread Group 1-15
2020-01-25 23:01:16,461 INFO o.a.j.t.JMeterThread: Thread finished: Thread Group 1-15
2020-01-25 23:01:17,835 INFO o.a.j.t.JMeterThread: Thread is done: Thread Group 1-32
2020-01-25 23:01:17,835 INFO o.a.j.t.JMeterThread: Thread finished: Thread Group 1-32
2020-01-25 23:01:17,886 INFO o.a.j.t.JMeterThread: Thread is done: Thread Group 1-29
2020-01-25 23:01:17,886 INFO o.a.j.t.JMeterThread: Thread finished: Thread Group 1-29
2020-01-25 23:01:17,938 INFO o.a.j.t.JMeterThread: Thread is done: Thread Group 1-37
2020-01-25 23:01:17,939 INFO o.a.j.t.JMeterThread: Thread finished: Thread Group 1-37
2020-01-25 23:01:17,940 INFO o.a.j.t.JMeterThread: Thread is done: Thread Group 1-26
2020-01-25 23:01:17,940 INFO o.a.j.t.JMeterThread: Thread finished: Thread Group 1-26
2020-01-25 23:01:18,032 INFO o.a.j.t.JMeterThread: Thread is done: Thread Group 1-24
2020-01-25 23:01:18,032 INFO o.a.j.t.JMeterThread: Thread finished: Thread Group 1-24
2020-01-25 23:01:18,701 INFO o.a.j.t.JMeterThread: Thread is done: Thread Group 1-34
2020-01-25 23:01:18,702 INFO o.a.j.t.JMeterThread: Thread finished: Thread Group 1-34
2020-01-25 23:01:18,728 INFO o.a.j.t.JMeterThread: Thread is done: Thread Group 1-28
2020-01-25 23:01:18,728 INFO o.a.j.t.JMeterThread: Thread finished: Thread Group 1-28
2020-01-25 23:01:18,763 INFO o.a.j.t.JMeterThread: Thread is done: Thread Group 1-41
2020-01-25 23:01:18,763 INFO o.a.j.t.JMeterThread: Thread finished: Thread Group 1-41
2020-01-25 23:01:18,832 INFO o.a.j.t.JMeterThread: Thread is done: Thread Group 1-39
2020-01-25 23:01:18,832 INFO o.a.j.t.JMeterThread: Thread finished: Thread Group 1-39
2020-01-25 23:01:18,867 INFO o.a.j.t.JMeterThread: Thread is done: Thread Group 1-27
2020-01-25 23:01:18,868 INFO o.a.j.t.JMeterThread: Thread finished: Thread Group 1-27
2020-01-25 23:01:18,869 INFO o.a.j.t.JMeterThread: Thread is done: Thread Group 1-25
2020-01-25 23:01:18,869 INFO o.a.j.t.JMeterThread: Thread finished: Thread Group 1-25
2020-01-25 23:01:19,387 INFO o.a.j.t.JMeterThread: Thread is done: Thread Group 1-36
2020-01-25 23:01:19,387 INFO o.a.j.t.JMeterThread: Thread finished: Thread Group 1-36
2020-01-25 23:01:19,397 INFO o.a.j.t.JMeterThread: Thread is done: Thread Group 1-33
2020-01-25 23:01:19,397 INFO o.a.j.t.JMeterThread: Thread finished: Thread Group 1-33
2020-01-25 23:01:19,398 INFO o.a.j.t.JMeterThread: Thread is done: Thread Group 1-43
2020-01-25 23:01:19,399 INFO o.a.j.t.JMeterThread: Thread finished: Thread Group 1-43
2020-01-25 23:01:19,414 INFO o.a.j.t.JMeterThread: Thread is done: Thread Group 1-30
2020-01-25 23:01:19,414 INFO o.a.j.t.JMeterThread: Thread finished: Thread Group 1-30
2020-01-25 23:01:19,568 INFO o.a.j.t.JMeterThread: Thread is done: Thread Group 1-47
2020-01-25 23:01:19,568 INFO o.a.j.t.JMeterThread: Thread finished: Thread Group 1-47
2020-01-25 23:01:19,569 INFO o.a.j.t.JMeterThread: Thread is done: Thread Group 1-31
2020-01-25 23:01:19,570 INFO o.a.j.t.JMeterThread: Thread finished: Thread Group 1-31
2020-01-25 23:01:19,585 INFO o.a.j.t.JMeterThread: Thread is done: Thread Group 1-35
2020-01-25 23:01:19,585 INFO o.a.j.t.JMeterThread: Thread finished: Thread Group 1-35
2020-01-25 23:01:20,129 INFO o.a.j.t.JMeterThread: Thread is done: Thread Group 1-46
2020-01-25 23:01:20,129 INFO o.a.j.t.JMeterThread: Thread finished: Thread Group 1-46
2020-01-25 23:01:20,129 INFO o.a.j.t.JMeterThread: Thread is done: Thread Group 1-42
2020-01-25 23:01:20,129 INFO o.a.j.t.JMeterThread: Thread finished: Thread Group 1-42
2020-01-25 23:01:20,130 INFO o.a.j.t.JMeterThread: Thread is done: Thread Group 1-50
2020-01-25 23:01:20,130 INFO o.a.j.t.JMeterThread: Thread finished: Thread Group 1-50
2020-01-25 23:01:20,150 INFO o.a.j.t.JMeterThread: Thread is done: Thread Group 1-38
2020-01-25 23:01:20,151 INFO o.a.j.t.JMeterThread: Thread finished: Thread Group 1-38
2020-01-25 23:01:20,164 INFO o.a.j.t.JMeterThread: Thread is done: Thread Group 1-45
2020-01-25 23:01:20,164 INFO o.a.j.t.JMeterThread: Thread finished: Thread Group 1-45
2020-01-25 23:01:20,742 INFO o.a.j.t.JMeterThread: Thread is done: Thread Group 1-48
2020-01-25 23:01:20,742 INFO o.a.j.t.JMeterThread: Thread is done: Thread Group 1-44
2020-01-25 23:01:20,742 INFO o.a.j.t.JMeterThread: Thread finished: Thread Group 1-48
2020-01-25 23:01:20,742 INFO o.a.j.t.JMeterThread: Thread is done: Thread Group 1-40
2020-01-25 23:01:20,743 INFO o.a.j.t.JMeterThread: Thread finished: Thread Group 1-40
2020-01-25 23:01:20,742 INFO o.a.j.t.JMeterThread: Thread finished: Thread Group 1-44
2020-01-25 23:01:21,357 INFO o.a.j.t.JMeterThread: Thread is done: Thread Group 1-49
2020-01-25 23:01:21,357 INFO o.a.j.t.JMeterThread: Thread finished: Thread Group 1-49
2020-01-25 23:01:21,357 INFO o.a.j.e.StandardJMeterEngine: Notifying test listeners of end of test
2020-01-25 23:01:21,397 INFO o.a.j.r.Summariser: summary +    499 in 00:00:21 =   23.8/s Avg:  1179 Min:   427 Max:  3036 Err:   100 (20.04%) Active: 0 Started: 50 Finished: 50
2020-01-25 23:01:21,397 INFO o.a.j.r.Summariser: summary =    500 in 00:00:22 =   23.0/s Avg:  1177 Min:   427 Max:  3036 Err:   100 (20.00%)
